<?xml version="1.0" encoding="UTF-8"?>
<!-- Generated by org.testng.reporters.JUnitReportReporter -->
<testsuite skipped="0" hostname="DESKTOP-HDBNO8K" name="testCases.TC_01_verifyLogin" tests="1" failures="0" timestamp="27 Jul 2019 18:15:48 GMT" time="12.355" errors="0">
  <testcase name="verifyLogin" time="12.355" classname="testCases.TC_01_verifyLogin"/>
</testsuite> <!-- testCases.TC_01_verifyLogin -->
