<?xml version="1.0" encoding="UTF-8"?>
<!-- Generated by org.testng.reporters.JUnitReportReporter -->
<testsuite skipped="0" hostname="DESKTOP-HDBNO8K" name="testCases.TC_2_verifyAddPayee" tests="1" failures="0" timestamp="27 Jul 2019 19:13:43 GMT" time="3.532" errors="0">
  <testcase name="verifyLogin" time="3.532" classname="testCases.TC_2_verifyAddPayee"/>
</testsuite> <!-- testCases.TC_2_verifyAddPayee -->
